<?xml version="1.0" encoding="UTF-8"?>
<!-- Generated by org.testng.reporters.JUnitXMLReporter -->
<testsuite hostname="BRD-PG00WC4S-L" ignored="0" name="Smoke test5" tests="4" failures="0" timestamp="06 Feb 2019 09:46:32 GMT" time="0.69" errors="0">
  <testcase name="@BeforeMethod setUp" time="0.552" classname="tests.SmartRetentionPageTest">
    <failure type="org.openqa.selenium.WebDriverException" message="Unable to parse remote response: Unknown error
Build info: version: &amp;apos;3.13.0&amp;apos;, revision: &amp;apos;2f0d292&amp;apos;, time: &amp;apos;2018-06-25T15:24:21.231Z&amp;apos;
System info: host: &amp;apos;BRD-PG00WC4S-L&amp;apos;, ip: &amp;apos;10.33.16.18&amp;apos;, os.name: &amp;apos;Windows 10&amp;apos;, os.arch: &amp;apos;amd64&amp;apos;, os.version: &amp;apos;10.0&amp;apos;, java.version: &amp;apos;1.8.0_171&amp;apos;
Driver info: driver.version: EdgeDriver">
      <![CDATA[org.openqa.selenium.WebDriverException: Unable to parse remote response: Unknown error
Build info: version: '3.13.0', revision: '2f0d292', time: '2018-06-25T15:24:21.231Z'
System info: host: 'BRD-PG00WC4S-L', ip: '10.33.16.18', os.name: 'Windows 10', os.arch: 'amd64', os.version: '10.0', java.version: '1.8.0_171'
Driver info: driver.version: EdgeDriver
at org.openqa.selenium.remote.ProtocolHandshake.createSession(ProtocolHandshake.java:111)
at org.openqa.selenium.remote.ProtocolHandshake.createSession(ProtocolHandshake.java:73)
at org.openqa.selenium.remote.HttpCommandExecutor.execute(HttpCommandExecutor.java:136)
at org.openqa.selenium.remote.service.DriverCommandExecutor.execute(DriverCommandExecutor.java:83)
at org.openqa.selenium.remote.RemoteWebDriver.execute(RemoteWebDriver.java:548)
at org.openqa.selenium.remote.RemoteWebDriver.startSession(RemoteWebDriver.java:212)
at org.openqa.selenium.remote.RemoteWebDriver.<init>(RemoteWebDriver.java:130)
at org.openqa.selenium.edge.EdgeDriver.<init>(EdgeDriver.java:141)
at org.openqa.selenium.edge.EdgeDriver.<init>(EdgeDriver.java:96)
at base.BrowserFactory.launchApplication(BrowserFactory.java:59)
at tests.SmartRetentionPageTest.setUp(SmartRetentionPageTest.java:33)
... Removed 28 stack frames]]>
    </failure>
  </testcase> <!-- @BeforeMethod setUp -->
  <testcase name="@AfterMethod tearDown" time="0.0" classname="tests.SmartRetentionPageTest">
    <skipped/>
  </testcase> <!-- @AfterMethod tearDown -->
  <testcase name="@BeforeMethod setUp" time="0.0" classname="tests.SmartRetentionPageTest">
    <skipped/>
  </testcase> <!-- @BeforeMethod setUp -->
  <testcase name="@AfterMethod tearDown" time="0.0" classname="tests.SmartRetentionPageTest">
    <skipped/>
  </testcase> <!-- @AfterMethod tearDown -->
  <testcase name="@BeforeMethod setUp" time="0.0" classname="tests.SmartRetentionPageTest">
    <skipped/>
  </testcase> <!-- @BeforeMethod setUp -->
  <testcase name="@AfterMethod tearDown" time="0.0" classname="tests.SmartRetentionPageTest">
    <skipped/>
  </testcase> <!-- @AfterMethod tearDown -->
  <testcase name="@BeforeMethod setUp" time="0.0" classname="tests.SmartRetentionPageTest">
    <skipped/>
  </testcase> <!-- @BeforeMethod setUp -->
  <testcase name="@AfterMethod tearDown" time="0.0" classname="tests.SmartRetentionPageTest">
    <skipped/>
  </testcase> <!-- @AfterMethod tearDown -->
  <testcase name="CreateNewRule" time="0.0" classname="tests.SmartRetentionPageTest">
    <skipped/>
  </testcase> <!-- CreateNewRule -->
  <testcase name="CreateNewRule" time="0.0" classname="tests.SmartRetentionPageTest">
    <skipped/>
  </testcase> <!-- CreateNewRule -->
  <testcase name="DeleteRule" time="0.0" classname="tests.SmartRetentionPageTest">
    <skipped/>
  </testcase> <!-- DeleteRule -->
  <testcase name="setAsociation" time="0.0" classname="tests.SmartRetentionPageTest">
    <skipped/>
  </testcase> <!-- setAsociation -->
</testsuite> <!-- Smoke test5 -->
